[debug] [2019-10-29T16:44:09.012Z] ----------------------------------------------------------------------
[debug] [2019-10-29T16:44:09.015Z] Command:       C:\Program Files\nodejs\node.exe C:\Users\Noelia\AppData\Roaming\npm\node_modules\firebase-tools\lib\bin\firebase.js serve
[debug] [2019-10-29T16:44:09.015Z] CLI Version:   7.6.2
[debug] [2019-10-29T16:44:09.015Z] Platform:      win32
[debug] [2019-10-29T16:44:09.015Z] Node Version:  v8.12.0
[debug] [2019-10-29T16:44:09.016Z] Time:          Tue Oct 29 2019 17:44:09 GMT+0100 (Hora estándar romance)
[debug] [2019-10-29T16:44:09.016Z] ----------------------------------------------------------------------
[debug] [2019-10-29T16:44:09.016Z] 
[debug] [2019-10-29T16:44:09.027Z] > command requires scopes: ["email","openid","https://www.googleapis.com/auth/cloudplatformprojects.readonly","https://www.googleapis.com/auth/firebase","https://www.googleapis.com/auth/cloud-platform"]
[debug] [2019-10-29T16:44:09.028Z] > authorizing via signed-in user
[debug] [2019-10-29T16:44:09.028Z] [iam] checking project app-ble-bbdd for permissions ["firebase.projects.get"]
[debug] [2019-10-29T16:44:09.030Z] >>> HTTP REQUEST POST https://cloudresourcemanager.googleapis.com/v1/projects/app-ble-bbdd:testIamPermissions  

[debug] [2019-10-29T16:44:10.021Z] <<< HTTP RESPONSE 200
[debug] [2019-10-29T16:44:10.023Z] >>> HTTP REQUEST GET https://firebase.googleapis.com/v1beta1/projects/app-ble-bbdd  
 
[debug] [2019-10-29T16:44:10.272Z] <<< HTTP RESPONSE 200
[info] 
[info] === Serving from 'C:\Users\Noelia\Desktop\ts-tfg\my-app'...
[info] 
[debug] [2019-10-29T16:44:10.280Z] >>> HTTP REQUEST GET https://firebase.googleapis.com/v1beta1/projects/app-ble-bbdd/webApps/-/config  
 
[debug] [2019-10-29T16:44:11.024Z] <<< HTTP RESPONSE 200
[info] i  hosting: Serving hosting files from: public
[info] +  hosting: Local server: http://localhost:5000
[info] +  functions: Using node@8 from host.
[info] +  functions: Emulator started at http://localhost:5001
[info] i  functions: Watching "C:\Users\Noelia\Desktop\ts-tfg\my-app\functions" for Cloud Functions...
[debug] [2019-10-29T16:44:11.866Z] [worker-~diagnostic~-b452d867-879b-4901-8a9a-25ed124230d2]: BUSY
[debug] [2019-10-29T16:44:12.519Z] [runtime-status] Functions runtime initialized. {"cwd":"C:\\Users\\Noelia\\Desktop\\ts-tfg\\my-app\\functions","node_version":"8.12.0"}
[debug] [2019-10-29T16:44:12.521Z] [runtime-status] Disabled runtime features: {"functions_config_helper":true,"network_filtering":true,"timeout":true,"memory_limiting":true,"admin_stubs":true} {}
[debug] [2019-10-29T16:44:12.526Z] [runtime-status] Resolved module firebase-admin {"declared":true,"installed":true,"version":"8.6.1","resolution":"C:\\Users\\Noelia\\Desktop\\ts-tfg\\my-app\\functions\\node_modules\\firebase-admin\\lib\\index.js"}
[debug] [2019-10-29T16:44:12.529Z] [runtime-status] Resolved module firebase-functions {"declared":true,"installed":true,"version":"3.3.0","resolution":"C:\\Users\\Noelia\\Desktop\\ts-tfg\\my-app\\functions\\node_modules\\firebase-functions\\lib\\index.js"}
[debug] [2019-10-29T16:44:12.530Z] [runtime-status] Resolved module firebase-functions {"declared":true,"installed":true,"version":"3.3.0","resolution":"C:\\Users\\Noelia\\Desktop\\ts-tfg\\my-app\\functions\\node_modules\\firebase-functions\\lib\\index.js"}
[warn] !  Error: Cannot find module 'C:\Users\Noelia\Desktop\ts-tfg\my-app\functions'
    at Function.Module._resolveFilename (module.js:548:15)
    at Function.Module._load (module.js:475:25)
    at Module.require (module.js:597:17)
    at require (internal/module.js:11:18)
    at C:\Users\Noelia\AppData\Roaming\npm\node_modules\firebase-tools\lib\emulator\functionsEmulatorRuntime.js:709:33
    at Generator.next (<anonymous>)
    at fulfilled (C:\Users\Noelia\AppData\Roaming\npm\node_modules\firebase-tools\lib\emulator\functionsEmulatorRuntime.js:4:58)
    at <anonymous>
    at process._tickCallback (internal/process/next_tick.js:189:7)
[warn] !  We were unable to load your functions code. (see above)
   - It appears your code is written in Typescript, which must be compiled before emulation.
   - You may be able to run "npm run build" in your functions directory to resolve this.
[debug] [2019-10-29T16:44:12.634Z] [worker-~diagnostic~-b452d867-879b-4901-8a9a-25ed124230d2]: exited
[debug] [2019-10-29T16:44:12.634Z] [worker-~diagnostic~-b452d867-879b-4901-8a9a-25ed124230d2]: FINISHED
